<?xml version="1.0" encoding="UTF-8"?>
<testsuite xmlns:xsi="http://www.w3.org/2001/XMLSchema-instance" xsi:noNamespaceSchemaLocation="https://maven.apache.org/surefire/maven-surefire-plugin/xsd/surefire-test-report.xsd" name="com.filterapi.service.CompraServiceImplTest" time="0.151" tests="7" errors="0" skipped="0" failures="0">
  <properties>
[...]
</properties>
  <testcase name="shouldRecomendacaoVinhoProdutoNaoEncontrado" classname="com.filterapi.service.CompraServiceImplTest" time="0.026"/>
  <testcase name="shouldRecomendacaoVinhoClienteNaoEncontrado" classname="com.filterapi.service.CompraServiceImplTest" time="0.007"/>
  <testcase name="shouldGetMaiorCompraAno" classname="com.filterapi.service.CompraServiceImplTest" time="0.008"/>
  <testcase name="shouldGetCompras" classname="com.filterapi.service.CompraServiceImplTest" time="0.006"/>
  <testcase name="shouldRecomendacaoVinhoClienteSemCompras" classname="com.filterapi.service.CompraServiceImplTest" time="0.007"/>
  <testcase name="shouldGetClientesFieis" classname="com.filterapi.service.CompraServiceImplTest" time="0.007"/>
  <testcase name="shouldRecomendacaoVinhoSucesso" classname="com.filterapi.service.CompraServiceImplTest" time="0.008"/>
</testsuite>